<?xml version="1.0" encoding="UTF-8"?>
<!-- Generated by org.testng.reporters.JUnitXMLReporter -->
<testsuite ignored="2" hostname="manikanta" failures="0" tests="1" name="Default test(failed)" time="0.101" errors="0" timestamp="2026-02-25T23:30:40 IST">
  <testcase classname="TesTNG.SkipDemotest" name="skip_test2" time="0.022">
    <skipped/>
  </testcase> <!-- skip_test2 -->
  <testcase classname="TesTNG.SkipDemotest" name="skip_test3" time="0.0">
    <ignored/>
  </testcase> <!-- skip_test3 -->
  <testcase classname="TesTNG.SkipDemotest" name="skip_test1" time="0.0">
    <ignored/>
  </testcase> <!-- skip_test1 -->
</testsuite> <!-- Default test(failed) -->
