<?xml version="1.0" encoding="UTF-8"?>
<!-- Generated by org.testng.reporters.JUnitXMLReporter -->
<testsuite ignored="0" hostname="manikanta" failures="0" tests="5" name="runnning" time="0.058" errors="0" timestamp="2026-02-15T16:27:02 IST">
  <testcase classname="TesTNG.STM_testng9" name="tc1" time="0.005"/>
  <testcase classname="TesTNG.STM_testng9" name="tc2" time="0.002"/>
  <testcase classname="TesTNG.STM_testng9" name="tc3" time="0.002"/>
  <testcase classname="TesTNG.STM_testng9" name="tc4" time="0.002"/>
  <testcase classname="TesTNG.STM_testng9" name="tc5" time="0.002"/>
</testsuite> <!-- runnning -->
