<?xml version="1.0" encoding="UTF-8"?>
<!-- Generated by org.testng.reporters.JUnitXMLReporter -->
<testsuite ignored="3" hostname="manikanta" failures="0" tests="2" name="GRP-smoke" time="0.086" errors="0" timestamp="2026-02-14T12:05:04 IST">
  <testcase classname="TesTNG.Groouping" name="tc1" time="0.01"/>
  <testcase classname="TesTNG.Groouping" name="tc3" time="0.002"/>
  <testcase classname="TesTNG.Groouping" name="tc4" time="0.0">
    <ignored/>
  </testcase> <!-- tc4 -->
  <testcase classname="TesTNG.Groouping" name="tc5" time="0.0">
    <ignored/>
  </testcase> <!-- tc5 -->
  <testcase classname="TesTNG.Groouping" name="tc2" time="0.0">
    <ignored/>
  </testcase> <!-- tc2 -->
</testsuite> <!-- GRP-smoke -->
