<?xml version="1.0" encoding="UTF-8"?>
<!-- Generated by org.testng.reporters.JUnitXMLReporter -->
<testsuite ignored="0" hostname="manikanta" failures="0" tests="5" name="GRP-regression" time="0.097" errors="0" timestamp="2026-02-14T12:02:17 IST">
  <testcase classname="TesTNG.Groouping" name="tc1" time="0.015"/>
  <testcase classname="TesTNG.Groouping" name="tc2" time="0.005"/>
  <testcase classname="TesTNG.Groouping" name="tc3" time="0.002"/>
  <testcase classname="TesTNG.Groouping" name="tc4" time="0.004"/>
  <testcase classname="TesTNG.Groouping" name="tc5" time="0.002"/>
</testsuite> <!-- GRP-regression -->
