<?xml version="1.0" encoding="UTF-8"?>
<!-- Generated by org.testng.reporters.JUnitXMLReporter -->
<testsuite ignored="0" hostname="manikanta" failures="0" tests="5" name="GRP-regression,smoke" time="0.063" errors="0" timestamp="2026-02-15T16:13:56 IST">
  <testcase classname="TesTNG.STM_testng9" name="tc1" time="0.004"/>
  <testcase classname="TesTNG.STM_testng9" name="tc2" time="0.003"/>
  <testcase classname="TesTNG.STM_testng9" name="tc3" time="0.002"/>
  <testcase classname="TesTNG.STM_testng9" name="tc4" time="0.002"/>
  <testcase classname="TesTNG.STM_testng9" name="tc5" time="0.002"/>
</testsuite> <!-- GRP-regression,smoke -->
