<?xml version="1.0" encoding="UTF-8"?>
<!-- Generated by org.testng.reporters.JUnitXMLReporter -->
<testsuite ignored="2" hostname="manikanta" failures="0" tests="3" name="GRP-regression" time="0.047" errors="0" timestamp="2026-02-15T16:12:48 IST">
  <testcase classname="TesTNG.STM_testng9" name="tc1" time="0.004"/>
  <testcase classname="TesTNG.STM_testng9" name="tc3" time="0.001"/>
  <testcase classname="TesTNG.STM_testng9" name="tc5" time="0.001"/>
  <testcase classname="TesTNG.STM_testng9" name="tc2" time="0.0">
    <ignored/>
  </testcase> <!-- tc2 -->
  <testcase classname="TesTNG.STM_testng9" name="tc4" time="0.0">
    <ignored/>
  </testcase> <!-- tc4 -->
</testsuite> <!-- GRP-regression -->
