<?xml version="1.0" encoding="UTF-8"?>
<!-- Generated by org.testng.reporters.JUnitXMLReporter -->
<testsuite ignored="0" hostname="manikanta" failures="0" tests="5" name="GRP-User Registration" time="0.081" errors="0" timestamp="2026-02-14T12:13:37 IST">
  <testcase classname="TesTNG.Groouping" name="tc1" time="0.007"/>
  <testcase classname="TesTNG.Groouping" name="tc2" time="0.003"/>
  <testcase classname="TesTNG.Groouping" name="tc3" time="0.001"/>
  <testcase classname="TesTNG.Groouping" name="tc4" time="0.002"/>
  <testcase classname="TesTNG.Groouping" name="tc5" time="0.003"/>
</testsuite> <!-- GRP-User Registration -->
