<?xml version="1.0" encoding="UTF-8"?>
<!-- Generated by org.testng.reporters.JUnitXMLReporter -->
<testsuite ignored="2" hostname="manikanta" failures="0" tests="1" name="Default test" time="0.059" errors="0" timestamp="2026-02-16T22:29:27 IST">
  <testcase classname="TesTNG.SkipDemotest" name="skip_test3" time="0.012"/>
  <testcase classname="TesTNG.SkipDemotest" name="skip_test2" time="0.0">
    <ignored/>
  </testcase> <!-- skip_test2 -->
  <testcase classname="TesTNG.SkipDemotest" name="skip_test1" time="0.0">
    <ignored/>
  </testcase> <!-- skip_test1 -->
</testsuite> <!-- Default test -->
