<?xml version="1.0" encoding="UTF-8"?>
<!-- Generated by org.testng.reporters.JUnitXMLReporter -->
<testsuite ignored="2" hostname="manikanta" failures="0" tests="25" name="functional" time="16.245" errors="0" timestamp="2026-06-29T00:34:14 IST">
  <testcase classname="TesTNG.Groouping" name="tc1" time="0.007"/>
  <testcase classname="TesTNG.Groouping" name="tc2" time="0.002"/>
  <testcase classname="TesTNG.Groouping" name="tc3" time="0.002"/>
  <testcase classname="TesTNG.Groouping" name="tc4" time="0.002"/>
  <testcase classname="TesTNG.Groouping" name="tc5" time="0.004"/>
  <testcase classname="TesTNG.Order_Of_Execution" name="a1tc2_orangelogin" time="0.004"/>
  <testcase classname="TesTNG.Order_Of_Execution" name="aa3_orangelogin" time="0.004"/>
  <testcase classname="TesTNG.Order_Of_Execution" name="atestcase1" time="0.001"/>
  <testcase classname="TesTNG.Rough" name="tc1" time="0.002"/>
  <testcase classname="TesTNG.Rough" name="tc2" time="0.002"/>
  <testcase classname="TesTNG.Rough" name="tc3" time="0.003"/>
  <testcase classname="TesTNG.Rough" name="tc4" time="0.012"/>
  <testcase classname="TesTNG.Rough" name="tc5" time="0.002"/>
  <testcase classname="TesTNG.Groouping2" name="tc6" time="0.002"/>
  <testcase classname="TesTNG.Groouping2" name="tc4" time="0.002"/>
  <testcase classname="TesTNG.Groouping2" name="tc5" time="0.002"/>
  <testcase classname="TesTNG.Groouping2" name="tc7" time="0.003"/>
  <testcase classname="TesTNG.Groouping2" name="tc8" time="0.002"/>
  <testcase classname="TesTNG.Browseractions" name="tc2_orangelogin" time="0.091"/>
  <testcase classname="TesTNG.Browseractions" name="tc3_orangelogin" time="0.076"/>
  <testcase classname="TesTNG.grouping3" name="tc1" time="0.001"/>
  <testcase classname="TesTNG.grouping3" name="tc2" time="0.001"/>
  <testcase classname="TesTNG.grouping3" name="tc3" time="0.002"/>
  <testcase classname="TesTNG.grouping3" name="tc4" time="0.001"/>
  <testcase classname="TesTNG.grouping3" name="tc5" time="0.009"/>
  <testcase classname="common.CommonDataSetup" name="@AfterSuite logoutfromapplication" time="0.0">
    <ignored/>
  </testcase> <!-- @AfterSuite logoutfromapplication -->
  <testcase classname="common.CommonDataSetup" name="@BeforeSuite Loginintoapplication" time="0.0">
    <ignored/>
  </testcase> <!-- @BeforeSuite Loginintoapplication -->
</testsuite> <!-- functional -->
