<?xml version="1.0" encoding="UTF-8"?>
<!-- Generated by org.testng.reporters.JUnitXMLReporter -->
<testsuite ignored="0" hostname="manikanta" failures="0" tests="25" name="functional" time="29.564" errors="0" timestamp="2026-02-14T14:53:32 IST">
  <testcase classname="TesTNG.Groouping" name="tc1" time="0.021"/>
  <testcase classname="TesTNG.Groouping" name="tc2" time="0.002"/>
  <testcase classname="TesTNG.Groouping" name="tc3" time="0.003"/>
  <testcase classname="TesTNG.Groouping" name="tc4" time="0.005"/>
  <testcase classname="TesTNG.Groouping" name="tc5" time="0.003"/>
  <testcase classname="TesTNG.Order_Of_Execution" name="a1tc2_orangelogin" time="0.004"/>
  <testcase classname="TesTNG.Order_Of_Execution" name="aa3_orangelogin" time="0.003"/>
  <testcase classname="TesTNG.Order_Of_Execution" name="atestcase1" time="0.003"/>
  <testcase classname="TesTNG.Rough" name="tc1" time="0.002"/>
  <testcase classname="TesTNG.Rough" name="tc2" time="0.004"/>
  <testcase classname="TesTNG.Rough" name="tc3" time="0.004"/>
  <testcase classname="TesTNG.Rough" name="tc4" time="0.004"/>
  <testcase classname="TesTNG.Rough" name="tc5" time="0.002"/>
  <testcase classname="TesTNG.Groouping2" name="tc6" time="0.003"/>
  <testcase classname="TesTNG.Groouping2" name="tc4" time="0.006"/>
  <testcase classname="TesTNG.Groouping2" name="tc5" time="0.001"/>
  <testcase classname="TesTNG.Groouping2" name="tc7" time="0.002"/>
  <testcase classname="TesTNG.Groouping2" name="tc8" time="0.001"/>
  <testcase classname="TesTNG.Browseractions" name="tc2_orangelogin" time="0.11"/>
  <testcase classname="TesTNG.Browseractions" name="tc3_orangelogin" time="0.166"/>
  <testcase classname="TesTNG.grouping3" name="tc1" time="0.002"/>
  <testcase classname="TesTNG.grouping3" name="tc2" time="0.002"/>
  <testcase classname="TesTNG.grouping3" name="tc3" time="0.002"/>
  <testcase classname="TesTNG.grouping3" name="tc4" time="0.002"/>
  <testcase classname="TesTNG.grouping3" name="tc5" time="0.003"/>
</testsuite> <!-- functional -->
