<?xml version="1.0" encoding="UTF-8"?>
<!-- Generated by org.testng.reporters.JUnitXMLReporter -->
<testsuite ignored="0" hostname="manikanta" failures="0" tests="7" name="runnning" time="16.157" errors="0" timestamp="2026-06-29T00:51:48 IST">
  <testcase classname="TesTNG.Rough" name="tc1" time="0.0"/>
  <testcase classname="TesTNG.Rough" name="tc2" time="0.001"/>
  <testcase classname="TesTNG.Rough" name="tc3" time="0.001"/>
  <testcase classname="TesTNG.Rough" name="tc4" time="0.001"/>
  <testcase classname="TesTNG.Rough" name="tc5" time="0.001"/>
  <testcase classname="TesTNG.Browseractions" name="tc2_orangelogin" time="0.117"/>
  <testcase classname="TesTNG.Browseractions" name="tc3_orangelogin" time="0.17"/>
</testsuite> <!-- runnning -->
