<?xml version="1.0" encoding="UTF-8"?>
<testsuite xmlns:xsi="http://www.w3.org/2001/XMLSchema-instance" xsi:noNamespaceSchemaLocation="https://maven.apache.org/surefire/maven-surefire-plugin/xsd/surefire-test-report-3.0.xsd" version="3.0" name="TestSuite" time="18.899" tests="17" errors="0" skipped="0" failures="0">
  <properties>
[...]
</properties>
  <testcase name="tc6" classname="TesTNG.Groouping2" time="0.003">
    <system-out><![CDATA[Before every test
Inside pretest method
Inside tc6 method
]]></system-out>
    <system-err><![CDATA[SLF4J(W): No SLF4J providers were found.
SLF4J(W): Defaulting to no-operation (NOP) logger implementation
SLF4J(W): See https://www.slf4j.org/codes.html#noProviders for further details.
Jun 29, 2026 12:51:32 AM org.openqa.selenium.devtools.CdpVersionFinder findNearestMatch
WARNING: Unable to find CDP implementation matching 149
Jun 29, 2026 12:51:32 AM org.openqa.selenium.chromium.ChromiumDriver lambda$new$4
WARNING: Unable to find version of CDP to use for 149.0.7827.116. You may need to include a dependency on a specific version of the CDP using something similar to `org.seleniumhq.selenium:selenium-devtools-v86:4.40.0` where the version ("v86") matches the version of the chromium-based browser you're using and the version number of the artifact is the same as Selenium's.
]]></system-err>
  </testcase>
  <testcase name="tc4" classname="TesTNG.Groouping2" time="0.004">
    <system-out><![CDATA[Inside tc4 method
]]></system-out>
  </testcase>
  <testcase name="tc5" classname="TesTNG.Groouping2" time="0.002">
    <system-out><![CDATA[Inside tc5 method
]]></system-out>
  </testcase>
  <testcase name="tc7" classname="TesTNG.Groouping2" time="0.002">
    <system-out><![CDATA[Inside tc7 method
]]></system-out>
  </testcase>
  <testcase name="tc8" classname="TesTNG.Groouping2" time="0.003">
    <system-out><![CDATA[Inside tc8 method
]]></system-out>
  </testcase>
  <testcase name="tc1" classname="TesTNG.grouping3" time="0.0">
    <system-out><![CDATA[DB connected
Inside tc1 method
]]></system-out>
  </testcase>
  <testcase name="tc2" classname="TesTNG.grouping3" time="0.001">
    <system-out><![CDATA[DB disconnected
DB connected
Inside tc2 method
]]></system-out>
  </testcase>
  <testcase name="tc3" classname="TesTNG.grouping3" time="0.0">
    <system-out><![CDATA[DB disconnected
DB connected
Inside tc3 method
]]></system-out>
  </testcase>
  <testcase name="tc4" classname="TesTNG.grouping3" time="0.001">
    <system-out><![CDATA[DB disconnected
DB connected
Inside tc4 method
]]></system-out>
  </testcase>
  <testcase name="tc5" classname="TesTNG.grouping3" time="0.0">
    <system-out><![CDATA[DB disconnected
DB connected
Inside tc5 method
]]></system-out>
  </testcase>
  <testcase name="tc1" classname="TesTNG.Rough" time="0.0">
    <system-out><![CDATA[DB disconnected
Inside posttest method
Inside posttest method
login into the application
Inside pretest method
DB connected
Inside tc1 method
]]></system-out>
  </testcase>
  <testcase name="tc2" classname="TesTNG.Rough" time="0.0">
    <system-out><![CDATA[DB disconnected
DB connected
Inside tc2 method
]]></system-out>
  </testcase>
  <testcase name="tc3" classname="TesTNG.Rough" time="0.0">
    <system-out><![CDATA[DB disconnected
DB connected
Inside tc3 method
]]></system-out>
  </testcase>
  <testcase name="tc4" classname="TesTNG.Rough" time="0.0">
    <system-out><![CDATA[DB disconnected
DB connected
Inside tc4 method
]]></system-out>
  </testcase>
  <testcase name="tc5" classname="TesTNG.Rough" time="0.0">
    <system-out><![CDATA[DB disconnected
DB connected
Inside tc5 method
]]></system-out>
  </testcase>
  <testcase name="tc2_orangelogin" classname="TesTNG.Browseractions" time="0.114">
    <system-out><![CDATA[DB disconnected
I am in this testcase2 method
]]></system-out>
  </testcase>
  <testcase name="tc3_orangelogin" classname="TesTNG.Browseractions" time="0.17">
    <system-out><![CDATA[I am in this testcase3 method
]]></system-out>
  </testcase>
</testsuite>