<?xml version="1.0" encoding="UTF-8"?>
<testng-results ignored="0" total="17" passed="17" failed="0" skipped="0">
  <reporter-output>
  </reporter-output>
  <suite started-at="2026-06-29T00:51:48 IST" name="Masterfile" finished-at="2026-06-29T00:51:48 IST" duration-ms="0">
    <groups>
    </groups>
  </suite> <!-- Masterfile -->
  <suite started-at="2026-06-29T00:51:32 IST" name="Registration" finished-at="2026-06-29T00:51:32 IST" duration-ms="128">
    <groups>
      <group name="regression">
        <method signature="Groouping2.tc6()[pri:1, instance:TesTNG.Groouping2@36902638]" name="tc6" class="TesTNG.Groouping2"/>
        <method signature="grouping3.tc1()[pri:1, instance:TesTNG.grouping3@10e31a9a]" name="tc1" class="TesTNG.grouping3"/>
        <method signature="grouping3.tc2()[pri:2, instance:TesTNG.grouping3@10e31a9a]" name="tc2" class="TesTNG.grouping3"/>
        <method signature="grouping3.tc3()[pri:3, instance:TesTNG.grouping3@10e31a9a]" name="tc3" class="TesTNG.grouping3"/>
        <method signature="Groouping2.tc5()[pri:5, instance:TesTNG.Groouping2@36902638]" name="tc5" class="TesTNG.Groouping2"/>
        <method signature="Groouping2.tc8()[pri:8, instance:TesTNG.Groouping2@36902638]" name="tc8" class="TesTNG.Groouping2"/>
      </group> <!-- regression -->
      <group name="smoke">
        <method signature="grouping3.tc1()[pri:1, instance:TesTNG.grouping3@10e31a9a]" name="tc1" class="TesTNG.grouping3"/>
        <method signature="Groouping2.tc4()[pri:4, instance:TesTNG.Groouping2@36902638]" name="tc4" class="TesTNG.Groouping2"/>
        <method signature="grouping3.tc4()[pri:4, instance:TesTNG.grouping3@10e31a9a]" name="tc4" class="TesTNG.grouping3"/>
        <method signature="grouping3.tc5()[pri:5, instance:TesTNG.grouping3@10e31a9a]" name="tc5" class="TesTNG.grouping3"/>
        <method signature="Groouping2.tc7()[pri:7, instance:TesTNG.Groouping2@36902638]" name="tc7" class="TesTNG.Groouping2"/>
        <method signature="Groouping2.tc8()[pri:8, instance:TesTNG.Groouping2@36902638]" name="tc8" class="TesTNG.Groouping2"/>
      </group> <!-- smoke -->
      <group name="User Registration">
        <method signature="Groouping2.tc6()[pri:1, instance:TesTNG.Groouping2@36902638]" name="tc6" class="TesTNG.Groouping2"/>
        <method signature="Groouping2.tc4()[pri:4, instance:TesTNG.Groouping2@36902638]" name="tc4" class="TesTNG.Groouping2"/>
        <method signature="Groouping2.tc5()[pri:5, instance:TesTNG.Groouping2@36902638]" name="tc5" class="TesTNG.Groouping2"/>
        <method signature="Groouping2.tc7()[pri:7, instance:TesTNG.Groouping2@36902638]" name="tc7" class="TesTNG.Groouping2"/>
        <method signature="Groouping2.tc8()[pri:8, instance:TesTNG.Groouping2@36902638]" name="tc8" class="TesTNG.Groouping2"/>
      </group> <!-- User Registration -->
    </groups>
    <test started-at="2026-06-29T00:51:32 IST" name="Test" finished-at="2026-06-29T00:51:32 IST" duration-ms="128">
      <class name="TesTNG.Groouping2">
        <test-method is-config="true" signature="pretest()[pri:0, instance:TesTNG.Groouping2@36902638]" started-at="2026-06-29T00:51:32 IST" name="pretest" finished-at="2026-06-29T00:51:32 IST" duration-ms="15" status="PASS">
          <reporter-output>
          </reporter-output>
        </test-method> <!-- pretest -->
        <test-method signature="tc6()[pri:1, instance:TesTNG.Groouping2@36902638]" started-at="2026-06-29T00:51:32 IST" name="tc6" description="Sixth testcase" finished-at="2026-06-29T00:51:32 IST" duration-ms="4" status="PASS">
          <reporter-output>
          </reporter-output>
        </test-method> <!-- tc6 -->
        <test-method signature="tc4()[pri:4, instance:TesTNG.Groouping2@36902638]" started-at="2026-06-29T00:51:32 IST" name="tc4" description="Fourth testcase" finished-at="2026-06-29T00:51:32 IST" duration-ms="1" status="PASS">
          <reporter-output>
          </reporter-output>
        </test-method> <!-- tc4 -->
        <test-method signature="tc5()[pri:5, instance:TesTNG.Groouping2@36902638]" started-at="2026-06-29T00:51:32 IST" name="tc5" description="Fifth testcase" finished-at="2026-06-29T00:51:32 IST" duration-ms="1" status="PASS">
          <reporter-output>
          </reporter-output>
        </test-method> <!-- tc5 -->
        <test-method signature="tc7()[pri:7, instance:TesTNG.Groouping2@36902638]" started-at="2026-06-29T00:51:32 IST" name="tc7" description="Seventh testcase" finished-at="2026-06-29T00:51:32 IST" duration-ms="1" status="PASS">
          <reporter-output>
          </reporter-output>
        </test-method> <!-- tc7 -->
        <test-method signature="tc8()[pri:8, instance:TesTNG.Groouping2@36902638]" started-at="2026-06-29T00:51:32 IST" name="tc8" description="Eights testcase" finished-at="2026-06-29T00:51:32 IST" duration-ms="1" status="PASS">
          <reporter-output>
          </reporter-output>
        </test-method> <!-- tc8 -->
        <test-method is-config="true" signature="post_test()[pri:0, instance:TesTNG.Groouping2@36902638]" started-at="2026-06-29T00:51:32 IST" name="post_test" description="Post testcase" finished-at="2026-06-29T00:51:32 IST" duration-ms="1" status="PASS">
          <reporter-output>
          </reporter-output>
        </test-method> <!-- post_test -->
      </class> <!-- TesTNG.Groouping2 -->
      <class name="TesTNG.grouping3">
        <test-method is-config="true" signature="pre_test()[pri:0, instance:TesTNG.grouping3@10e31a9a]" started-at="2026-06-29T00:51:32 IST" name="pre_test" description="Pre testcase" finished-at="2026-06-29T00:51:32 IST" duration-ms="1" status="PASS">
          <reporter-output>
          </reporter-output>
        </test-method> <!-- pre_test -->
        <test-method is-config="true" signature="beforeeverymethod()[pri:0, instance:TesTNG.grouping3@10e31a9a]" started-at="2026-06-29T00:51:32 IST" name="beforeeverymethod" finished-at="2026-06-29T00:51:32 IST" duration-ms="1" status="PASS">
          <reporter-output>
          </reporter-output>
        </test-method> <!-- beforeeverymethod -->
        <test-method signature="tc1()[pri:1, instance:TesTNG.grouping3@10e31a9a]" started-at="2026-06-29T00:51:32 IST" name="tc1" description="First testcase" finished-at="2026-06-29T00:51:32 IST" duration-ms="1" status="PASS">
          <reporter-output>
          </reporter-output>
        </test-method> <!-- tc1 -->
        <test-method is-config="true" signature="aftereverymethod()[pri:0, instance:TesTNG.grouping3@10e31a9a]" started-at="2026-06-29T00:51:32 IST" name="aftereverymethod" finished-at="2026-06-29T00:51:32 IST" duration-ms="1" status="PASS">
          <reporter-output>
          </reporter-output>
        </test-method> <!-- aftereverymethod -->
        <test-method is-config="true" signature="beforeeverymethod()[pri:0, instance:TesTNG.grouping3@10e31a9a]" started-at="2026-06-29T00:51:32 IST" name="beforeeverymethod" finished-at="2026-06-29T00:51:32 IST" duration-ms="1" status="PASS">
          <reporter-output>
          </reporter-output>
        </test-method> <!-- beforeeverymethod -->
        <test-method signature="tc2()[pri:2, instance:TesTNG.grouping3@10e31a9a]" started-at="2026-06-29T00:51:32 IST" name="tc2" description="Second testcase" finished-at="2026-06-29T00:51:32 IST" duration-ms="1" status="PASS">
          <reporter-output>
          </reporter-output>
        </test-method> <!-- tc2 -->
        <test-method is-config="true" signature="aftereverymethod()[pri:0, instance:TesTNG.grouping3@10e31a9a]" started-at="2026-06-29T00:51:32 IST" name="aftereverymethod" finished-at="2026-06-29T00:51:32 IST" duration-ms="1" status="PASS">
          <reporter-output>
          </reporter-output>
        </test-method> <!-- aftereverymethod -->
        <test-method is-config="true" signature="beforeeverymethod()[pri:0, instance:TesTNG.grouping3@10e31a9a]" started-at="2026-06-29T00:51:32 IST" name="beforeeverymethod" finished-at="2026-06-29T00:51:32 IST" duration-ms="0" status="PASS">
          <reporter-output>
          </reporter-output>
        </test-method> <!-- beforeeverymethod -->
        <test-method signature="tc3()[pri:3, instance:TesTNG.grouping3@10e31a9a]" started-at="2026-06-29T00:51:32 IST" name="tc3" description="Third testcase" finished-at="2026-06-29T00:51:32 IST" duration-ms="1" status="PASS">
          <reporter-output>
          </reporter-output>
        </test-method> <!-- tc3 -->
        <test-method is-config="true" signature="aftereverymethod()[pri:0, instance:TesTNG.grouping3@10e31a9a]" started-at="2026-06-29T00:51:32 IST" name="aftereverymethod" finished-at="2026-06-29T00:51:32 IST" duration-ms="0" status="PASS">
          <reporter-output>
          </reporter-output>
        </test-method> <!-- aftereverymethod -->
        <test-method is-config="true" signature="beforeeverymethod()[pri:0, instance:TesTNG.grouping3@10e31a9a]" started-at="2026-06-29T00:51:32 IST" name="beforeeverymethod" finished-at="2026-06-29T00:51:32 IST" duration-ms="1" status="PASS">
          <reporter-output>
          </reporter-output>
        </test-method> <!-- beforeeverymethod -->
        <test-method signature="tc4()[pri:4, instance:TesTNG.grouping3@10e31a9a]" started-at="2026-06-29T00:51:32 IST" name="tc4" description="Fourth testcase" finished-at="2026-06-29T00:51:32 IST" duration-ms="1" status="PASS">
          <reporter-output>
          </reporter-output>
        </test-method> <!-- tc4 -->
        <test-method is-config="true" signature="aftereverymethod()[pri:0, instance:TesTNG.grouping3@10e31a9a]" started-at="2026-06-29T00:51:32 IST" name="aftereverymethod" finished-at="2026-06-29T00:51:32 IST" duration-ms="0" status="PASS">
          <reporter-output>
          </reporter-output>
        </test-method> <!-- aftereverymethod -->
        <test-method is-config="true" signature="beforeeverymethod()[pri:0, instance:TesTNG.grouping3@10e31a9a]" started-at="2026-06-29T00:51:32 IST" name="beforeeverymethod" finished-at="2026-06-29T00:51:32 IST" duration-ms="0" status="PASS">
          <reporter-output>
          </reporter-output>
        </test-method> <!-- beforeeverymethod -->
        <test-method signature="tc5()[pri:5, instance:TesTNG.grouping3@10e31a9a]" started-at="2026-06-29T00:51:32 IST" name="tc5" description="Fifth testcase" finished-at="2026-06-29T00:51:32 IST" duration-ms="0" status="PASS">
          <reporter-output>
          </reporter-output>
        </test-method> <!-- tc5 -->
        <test-method is-config="true" signature="aftereverymethod()[pri:0, instance:TesTNG.grouping3@10e31a9a]" started-at="2026-06-29T00:51:32 IST" name="aftereverymethod" finished-at="2026-06-29T00:51:32 IST" duration-ms="0" status="PASS">
          <reporter-output>
          </reporter-output>
        </test-method> <!-- aftereverymethod -->
        <test-method is-config="true" signature="post_test()[pri:0, instance:TesTNG.grouping3@10e31a9a]" started-at="2026-06-29T00:51:32 IST" name="post_test" description="Post testcase" finished-at="2026-06-29T00:51:32 IST" duration-ms="1" status="PASS">
          <reporter-output>
          </reporter-output>
        </test-method> <!-- post_test -->
      </class> <!-- TesTNG.grouping3 -->
    </test> <!-- Test -->
  </suite> <!-- Registration -->
  <suite started-at="2026-06-29T00:51:32 IST" name="Selection" finished-at="2026-06-29T00:51:48 IST" duration-ms="16157">
    <groups>
    </groups>
    <test started-at="2026-06-29T00:51:32 IST" name="runnning" finished-at="2026-06-29T00:51:48 IST" duration-ms="16157">
      <class name="TesTNG.Rough">
        <test-method is-config="true" signature="pre_test()[pri:0, instance:TesTNG.Rough@1bb5a082]" started-at="2026-06-29T00:51:47 IST" name="pre_test" description="Pre testcase" finished-at="2026-06-29T00:51:47 IST" duration-ms="2" status="PASS">
          <reporter-output>
          </reporter-output>
        </test-method> <!-- pre_test -->
        <test-method is-config="true" signature="beforeeverymethod()[pri:0, instance:TesTNG.Rough@1bb5a082]" started-at="2026-06-29T00:51:47 IST" name="beforeeverymethod" finished-at="2026-06-29T00:51:47 IST" duration-ms="1" status="PASS">
          <reporter-output>
          </reporter-output>
        </test-method> <!-- beforeeverymethod -->
        <test-method signature="tc1()[pri:1, instance:TesTNG.Rough@1bb5a082]" started-at="2026-06-29T00:51:47 IST" name="tc1" description="First testcase" finished-at="2026-06-29T00:51:47 IST" duration-ms="0" status="PASS">
          <reporter-output>
          </reporter-output>
        </test-method> <!-- tc1 -->
        <test-method is-config="true" signature="aftereverymethod()[pri:0, instance:TesTNG.Rough@1bb5a082]" started-at="2026-06-29T00:51:47 IST" name="aftereverymethod" finished-at="2026-06-29T00:51:47 IST" duration-ms="1" status="PASS">
          <reporter-output>
          </reporter-output>
        </test-method> <!-- aftereverymethod -->
        <test-method is-config="true" signature="beforeeverymethod()[pri:0, instance:TesTNG.Rough@1bb5a082]" started-at="2026-06-29T00:51:47 IST" name="beforeeverymethod" finished-at="2026-06-29T00:51:47 IST" duration-ms="3" status="PASS">
          <reporter-output>
          </reporter-output>
        </test-method> <!-- beforeeverymethod -->
        <test-method signature="tc2()[pri:2, instance:TesTNG.Rough@1bb5a082]" started-at="2026-06-29T00:51:47 IST" name="tc2" description="Second testcase" finished-at="2026-06-29T00:51:47 IST" duration-ms="1" status="PASS">
          <reporter-output>
          </reporter-output>
        </test-method> <!-- tc2 -->
        <test-method is-config="true" signature="aftereverymethod()[pri:0, instance:TesTNG.Rough@1bb5a082]" started-at="2026-06-29T00:51:47 IST" name="aftereverymethod" finished-at="2026-06-29T00:51:47 IST" duration-ms="1" status="PASS">
          <reporter-output>
          </reporter-output>
        </test-method> <!-- aftereverymethod -->
        <test-method is-config="true" signature="beforeeverymethod()[pri:0, instance:TesTNG.Rough@1bb5a082]" started-at="2026-06-29T00:51:47 IST" name="beforeeverymethod" finished-at="2026-06-29T00:51:47 IST" duration-ms="2" status="PASS">
          <reporter-output>
          </reporter-output>
        </test-method> <!-- beforeeverymethod -->
        <test-method signature="tc3()[pri:3, instance:TesTNG.Rough@1bb5a082]" started-at="2026-06-29T00:51:47 IST" name="tc3" description="Third testcase" finished-at="2026-06-29T00:51:47 IST" duration-ms="1" status="PASS">
          <reporter-output>
          </reporter-output>
        </test-method> <!-- tc3 -->
        <test-method is-config="true" signature="aftereverymethod()[pri:0, instance:TesTNG.Rough@1bb5a082]" started-at="2026-06-29T00:51:47 IST" name="aftereverymethod" finished-at="2026-06-29T00:51:47 IST" duration-ms="0" status="PASS">
          <reporter-output>
          </reporter-output>
        </test-method> <!-- aftereverymethod -->
        <test-method is-config="true" signature="beforeeverymethod()[pri:0, instance:TesTNG.Rough@1bb5a082]" started-at="2026-06-29T00:51:47 IST" name="beforeeverymethod" finished-at="2026-06-29T00:51:47 IST" duration-ms="2" status="PASS">
          <reporter-output>
          </reporter-output>
        </test-method> <!-- beforeeverymethod -->
        <test-method signature="tc4()[pri:4, instance:TesTNG.Rough@1bb5a082]" started-at="2026-06-29T00:51:47 IST" name="tc4" description="Fourth testcase" finished-at="2026-06-29T00:51:47 IST" duration-ms="1" status="PASS">
          <reporter-output>
          </reporter-output>
        </test-method> <!-- tc4 -->
        <test-method is-config="true" signature="aftereverymethod()[pri:0, instance:TesTNG.Rough@1bb5a082]" started-at="2026-06-29T00:51:47 IST" name="aftereverymethod" finished-at="2026-06-29T00:51:47 IST" duration-ms="1" status="PASS">
          <reporter-output>
          </reporter-output>
        </test-method> <!-- aftereverymethod -->
        <test-method signature="tc5()[pri:5, instance:TesTNG.Rough@1bb5a082]" started-at="2026-06-29T00:51:47 IST" name="tc5" description="Fifth testcase" finished-at="2026-06-29T00:51:47 IST" duration-ms="1" status="PASS">
          <reporter-output>
          </reporter-output>
        </test-method> <!-- tc5 -->
        <test-method is-config="true" signature="beforeeverymethod()[pri:0, instance:TesTNG.Rough@1bb5a082]" started-at="2026-06-29T00:51:47 IST" name="beforeeverymethod" finished-at="2026-06-29T00:51:47 IST" duration-ms="0" status="PASS">
          <reporter-output>
          </reporter-output>
        </test-method> <!-- beforeeverymethod -->
        <test-method is-config="true" signature="aftereverymethod()[pri:0, instance:TesTNG.Rough@1bb5a082]" started-at="2026-06-29T00:51:47 IST" name="aftereverymethod" finished-at="2026-06-29T00:51:47 IST" duration-ms="0" status="PASS">
          <reporter-output>
          </reporter-output>
        </test-method> <!-- aftereverymethod -->
        <test-method is-config="true" signature="post_test()[pri:0, instance:TesTNG.Rough@1bb5a082]" started-at="2026-06-29T00:51:48 IST" name="post_test" description="Post testcase" finished-at="2026-06-29T00:51:48 IST" duration-ms="0" status="PASS">
          <reporter-output>
          </reporter-output>
        </test-method> <!-- post_test -->
      </class> <!-- TesTNG.Rough -->
      <class name="TesTNG.Browseractions">
        <test-method is-config="true" signature="Loginintoapplication()[pri:0, instance:TesTNG.Browseractions@2072acb2]" started-at="2026-06-29T00:51:32 IST" name="Loginintoapplication" finished-at="2026-06-29T00:51:32 IST" duration-ms="0" status="PASS">
          <reporter-output>
          </reporter-output>
        </test-method> <!-- Loginintoapplication -->
        <test-method is-config="true" signature="Prerequisite()[pri:0, instance:TesTNG.Browseractions@2072acb2]" started-at="2026-06-29T00:51:32 IST" name="Prerequisite" description="prerequisite" finished-at="2026-06-29T00:51:47 IST" duration-ms="15363" status="PASS">
          <reporter-output>
          </reporter-output>
        </test-method> <!-- Prerequisite -->
        <test-method signature="tc2_orangelogin()[pri:2, instance:TesTNG.Browseractions@2072acb2]" started-at="2026-06-29T00:51:47 IST" name="tc2_orangelogin" description="sending text to username" finished-at="2026-06-29T00:51:47 IST" duration-ms="117" status="PASS">
          <reporter-output>
          </reporter-output>
        </test-method> <!-- tc2_orangelogin -->
        <test-method signature="tc3_orangelogin()[pri:3, instance:TesTNG.Browseractions@2072acb2]" started-at="2026-06-29T00:51:47 IST" name="tc3_orangelogin" description="Sending text to password" finished-at="2026-06-29T00:51:48 IST" duration-ms="170" status="PASS">
          <reporter-output>
          </reporter-output>
        </test-method> <!-- tc3_orangelogin -->
        <test-method is-config="true" signature="tc4()[pri:0, instance:TesTNG.Browseractions@2072acb2]" started-at="2026-06-29T00:51:48 IST" name="tc4" finished-at="2026-06-29T00:51:48 IST" duration-ms="469" status="PASS">
          <reporter-output>
          </reporter-output>
        </test-method> <!-- tc4 -->
        <test-method is-config="true" signature="logoutfromapplication()[pri:0, instance:TesTNG.Browseractions@2072acb2]" started-at="2026-06-29T00:51:48 IST" name="logoutfromapplication" finished-at="2026-06-29T00:51:48 IST" duration-ms="2" status="PASS">
          <reporter-output>
          </reporter-output>
        </test-method> <!-- logoutfromapplication -->
      </class> <!-- TesTNG.Browseractions -->
    </test> <!-- runnning -->
  </suite> <!-- Selection -->
</testng-results>
