<?xml version="1.0" encoding="UTF-8"?>
<!-- Generated by org.testng.reporters.JUnitXMLReporter -->
<testsuite ignored="0" hostname="manikanta" failures="0" tests="10" name="Test" time="0.152" errors="0" timestamp="2026-02-16T22:31:06 IST">
  <testcase classname="TesTNG.Groouping2" name="tc6" time="0.014"/>
  <testcase classname="TesTNG.Groouping2" name="tc4" time="0.003"/>
  <testcase classname="TesTNG.Groouping2" name="tc5" time="0.002"/>
  <testcase classname="TesTNG.Groouping2" name="tc7" time="0.002"/>
  <testcase classname="TesTNG.Groouping2" name="tc8" time="0.002"/>
  <testcase classname="TesTNG.grouping3" name="tc1" time="0.002"/>
  <testcase classname="TesTNG.grouping3" name="tc2" time="0.001"/>
  <testcase classname="TesTNG.grouping3" name="tc3" time="0.002"/>
  <testcase classname="TesTNG.grouping3" name="tc4" time="0.002"/>
  <testcase classname="TesTNG.grouping3" name="tc5" time="0.003"/>
</testsuite> <!-- Test -->
