<?xml version="1.0" encoding="UTF-8"?>
<!-- Generated by org.testng.reporters.JUnitXMLReporter -->
<testsuite ignored="4" hostname="manikanta" failures="0" tests="6" name="Test" time="0.095" errors="0" timestamp="2026-02-15T13:39:21 IST">
  <testcase classname="TesTNG.Groouping2" name="tc6" time="0.009"/>
  <testcase classname="TesTNG.Groouping2" name="tc5" time="0.002"/>
  <testcase classname="TesTNG.Groouping2" name="tc8" time="0.003"/>
  <testcase classname="TesTNG.grouping3" name="tc1" time="0.003"/>
  <testcase classname="TesTNG.grouping3" name="tc2" time="0.002"/>
  <testcase classname="TesTNG.grouping3" name="tc3" time="0.002"/>
  <testcase classname="TesTNG.Groouping2" name="tc4" time="0.0">
    <ignored/>
  </testcase> <!-- tc4 -->
  <testcase classname="TesTNG.grouping3" name="tc4" time="0.0">
    <ignored/>
  </testcase> <!-- tc4 -->
  <testcase classname="TesTNG.grouping3" name="tc5" time="0.0">
    <ignored/>
  </testcase> <!-- tc5 -->
  <testcase classname="TesTNG.Groouping2" name="tc7" time="0.0">
    <ignored/>
  </testcase> <!-- tc7 -->
</testsuite> <!-- Test -->
