<?xml version="1.0" encoding="UTF-8"?>
<testng-results ignored="0" total="5" passed="5" failed="0" skipped="0">
  <reporter-output>
  </reporter-output>
  <suite started-at="2026-02-15T16:33:12 IST" name="Default suite" finished-at="2026-02-15T16:33:12 IST" duration-ms="72">
    <groups>
      <group name="regression">
        <method signature="STM_testng9.tc1()[pri:1, instance:TesTNG.STM_testng9@77c2494c]" name="tc1" class="TesTNG.STM_testng9"/>
        <method signature="STM_testng9.tc3()[pri:3, instance:TesTNG.STM_testng9@77c2494c]" name="tc3" class="TesTNG.STM_testng9"/>
        <method signature="STM_testng9.tc5()[pri:5, instance:TesTNG.STM_testng9@77c2494c]" name="tc5" class="TesTNG.STM_testng9"/>
      </group> <!-- regression -->
      <group name="smoke">
        <method signature="STM_testng9.tc1()[pri:1, instance:TesTNG.STM_testng9@77c2494c]" name="tc1" class="TesTNG.STM_testng9"/>
        <method signature="STM_testng9.tc2()[pri:2, instance:TesTNG.STM_testng9@77c2494c]" name="tc2" class="TesTNG.STM_testng9"/>
        <method signature="STM_testng9.tc4()[pri:4, instance:TesTNG.STM_testng9@77c2494c]" name="tc4" class="TesTNG.STM_testng9"/>
      </group> <!-- smoke -->
    </groups>
    <test started-at="2026-02-15T16:33:12 IST" name="Default test" finished-at="2026-02-15T16:33:12 IST" duration-ms="72">
      <class name="TesTNG.STM_testng9">
        <test-method is-config="true" signature="before_class()[pri:0, instance:TesTNG.STM_testng9@77c2494c]" started-at="2026-02-15T16:33:12 IST" name="before_class" finished-at="2026-02-15T16:33:12 IST" duration-ms="8" status="PASS">
          <reporter-output>
          </reporter-output>
        </test-method> <!-- before_class -->
        <test-method is-config="true" signature="beforeeverymethod()[pri:0, instance:TesTNG.STM_testng9@77c2494c]" started-at="2026-02-15T16:33:12 IST" name="beforeeverymethod" finished-at="2026-02-15T16:33:12 IST" duration-ms="1" status="PASS">
          <reporter-output>
          </reporter-output>
        </test-method> <!-- beforeeverymethod -->
        <test-method is-config="true" signature="before_groups()[pri:0, instance:TesTNG.STM_testng9@77c2494c]" started-at="2026-02-15T16:33:12 IST" name="before_groups" finished-at="2026-02-15T16:33:12 IST" duration-ms="0" status="PASS">
          <reporter-output>
          </reporter-output>
        </test-method> <!-- before_groups -->
        <test-method signature="tc1()[pri:1, instance:TesTNG.STM_testng9@77c2494c]" started-at="2026-02-15T16:33:12 IST" name="tc1" description="First testcase" finished-at="2026-02-15T16:33:12 IST" duration-ms="5" status="PASS">
          <reporter-output>
          </reporter-output>
        </test-method> <!-- tc1 -->
        <test-method is-config="true" signature="aftereverymethod()[pri:0, instance:TesTNG.STM_testng9@77c2494c]" started-at="2026-02-15T16:33:12 IST" name="aftereverymethod" finished-at="2026-02-15T16:33:12 IST" duration-ms="1" status="PASS">
          <reporter-output>
          </reporter-output>
        </test-method> <!-- aftereverymethod -->
        <test-method signature="tc2()[pri:2, instance:TesTNG.STM_testng9@77c2494c]" started-at="2026-02-15T16:33:12 IST" name="tc2" description="Second testcase" finished-at="2026-02-15T16:33:12 IST" duration-ms="2" status="PASS">
          <reporter-output>
          </reporter-output>
        </test-method> <!-- tc2 -->
        <test-method is-config="true" signature="beforeeverymethod()[pri:0, instance:TesTNG.STM_testng9@77c2494c]" started-at="2026-02-15T16:33:12 IST" name="beforeeverymethod" finished-at="2026-02-15T16:33:12 IST" duration-ms="0" status="PASS">
          <reporter-output>
          </reporter-output>
        </test-method> <!-- beforeeverymethod -->
        <test-method is-config="true" signature="aftereverymethod()[pri:0, instance:TesTNG.STM_testng9@77c2494c]" started-at="2026-02-15T16:33:12 IST" name="aftereverymethod" finished-at="2026-02-15T16:33:12 IST" duration-ms="0" status="PASS">
          <reporter-output>
          </reporter-output>
        </test-method> <!-- aftereverymethod -->
        <test-method signature="tc3()[pri:3, instance:TesTNG.STM_testng9@77c2494c]" started-at="2026-02-15T16:33:12 IST" name="tc3" description="Third testcase" finished-at="2026-02-15T16:33:12 IST" duration-ms="1" status="PASS">
          <reporter-output>
          </reporter-output>
        </test-method> <!-- tc3 -->
        <test-method is-config="true" signature="beforeeverymethod()[pri:0, instance:TesTNG.STM_testng9@77c2494c]" started-at="2026-02-15T16:33:12 IST" name="beforeeverymethod" finished-at="2026-02-15T16:33:12 IST" duration-ms="0" status="PASS">
          <reporter-output>
          </reporter-output>
        </test-method> <!-- beforeeverymethod -->
        <test-method is-config="true" signature="aftereverymethod()[pri:0, instance:TesTNG.STM_testng9@77c2494c]" started-at="2026-02-15T16:33:12 IST" name="aftereverymethod" finished-at="2026-02-15T16:33:12 IST" duration-ms="0" status="PASS">
          <reporter-output>
          </reporter-output>
        </test-method> <!-- aftereverymethod -->
        <test-method is-config="true" signature="beforeeverymethod()[pri:0, instance:TesTNG.STM_testng9@77c2494c]" started-at="2026-02-15T16:33:12 IST" name="beforeeverymethod" finished-at="2026-02-15T16:33:12 IST" duration-ms="1" status="PASS">
          <reporter-output>
          </reporter-output>
        </test-method> <!-- beforeeverymethod -->
        <test-method signature="tc4()[pri:4, instance:TesTNG.STM_testng9@77c2494c]" started-at="2026-02-15T16:33:12 IST" name="tc4" description="Fourth testcase" finished-at="2026-02-15T16:33:12 IST" duration-ms="3" status="PASS">
          <reporter-output>
          </reporter-output>
        </test-method> <!-- tc4 -->
        <test-method is-config="true" signature="aftereverymethod()[pri:0, instance:TesTNG.STM_testng9@77c2494c]" started-at="2026-02-15T16:33:12 IST" name="aftereverymethod" finished-at="2026-02-15T16:33:12 IST" duration-ms="1" status="PASS">
          <reporter-output>
          </reporter-output>
        </test-method> <!-- aftereverymethod -->
        <test-method is-config="true" signature="beforeeverymethod()[pri:0, instance:TesTNG.STM_testng9@77c2494c]" started-at="2026-02-15T16:33:12 IST" name="beforeeverymethod" finished-at="2026-02-15T16:33:12 IST" duration-ms="1" status="PASS">
          <reporter-output>
          </reporter-output>
        </test-method> <!-- beforeeverymethod -->
        <test-method signature="tc5()[pri:5, instance:TesTNG.STM_testng9@77c2494c]" started-at="2026-02-15T16:33:12 IST" name="tc5" description="Fifth testcase" finished-at="2026-02-15T16:33:12 IST" duration-ms="1" status="PASS">
          <reporter-output>
          </reporter-output>
        </test-method> <!-- tc5 -->
        <test-method is-config="true" signature="aftereverymethod()[pri:0, instance:TesTNG.STM_testng9@77c2494c]" started-at="2026-02-15T16:33:12 IST" name="aftereverymethod" finished-at="2026-02-15T16:33:12 IST" duration-ms="0" status="PASS">
          <reporter-output>
          </reporter-output>
        </test-method> <!-- aftereverymethod -->
        <test-method is-config="true" signature="After_groups()[pri:0, instance:TesTNG.STM_testng9@77c2494c]" started-at="2026-02-15T16:33:12 IST" name="After_groups" finished-at="2026-02-15T16:33:12 IST" duration-ms="1" status="PASS">
          <reporter-output>
          </reporter-output>
        </test-method> <!-- After_groups -->
        <test-method is-config="true" signature="after_class()[pri:0, instance:TesTNG.STM_testng9@77c2494c]" started-at="2026-02-15T16:33:12 IST" name="after_class" finished-at="2026-02-15T16:33:12 IST" duration-ms="0" status="PASS">
          <reporter-output>
          </reporter-output>
        </test-method> <!-- after_class -->
      </class> <!-- TesTNG.STM_testng9 -->
    </test> <!-- Default test -->
  </suite> <!-- Default suite -->
</testng-results>
