<?xml version="1.0" encoding="UTF-8"?>
<!-- Generated by org.testng.reporters.JUnitReportReporter -->
<testsuite hostname="manikanta" failures="0" tests="5" name="TesTNG.Groouping2" time="0.023" errors="0" timestamp="2026-02-16T22:31:37 IST" skipped="0">
  <testcase classname="TesTNG.Groouping2" name="tc6" time="0.014"/>
  <testcase classname="TesTNG.Groouping2" name="tc4" time="0.003"/>
  <testcase classname="TesTNG.Groouping2" name="tc5" time="0.002"/>
  <testcase classname="TesTNG.Groouping2" name="tc7" time="0.002"/>
  <testcase classname="TesTNG.Groouping2" name="tc8" time="0.002"/>
</testsuite> <!-- TesTNG.Groouping2 -->
