<?xml version="1.0" encoding="UTF-8"?>
<!-- Generated by org.testng.reporters.JUnitReportReporter -->
<testsuite hostname="manikanta" failures="0" tests="3" name="TesTNG.Order_Of_Execution" time="0.010" errors="0" timestamp="2026-02-14T14:53:32 IST" skipped="0">
  <testcase classname="TesTNG.Order_Of_Execution" name="atestcase1" time="0.003"/>
  <testcase classname="TesTNG.Order_Of_Execution" name="a1tc2_orangelogin" time="0.004"/>
  <testcase classname="TesTNG.Order_Of_Execution" name="aa3_orangelogin" time="0.003"/>
</testsuite> <!-- TesTNG.Order_Of_Execution -->
