<?xml version="1.0" encoding="UTF-8"?>
<!-- Generated by org.testng.reporters.JUnitReportReporter -->
<testsuite hostname="manikanta" failures="0" tests="5" name="TesTNG.grouping3" time="0.013" errors="0" timestamp="2026-07-06T22:33:37 IST" skipped="0">
  <testcase classname="TesTNG.grouping3" name="tc1" time="0.002"/>
  <testcase classname="TesTNG.grouping3" name="tc2" time="0.002"/>
  <testcase classname="TesTNG.grouping3" name="tc3" time="0.003"/>
  <testcase classname="TesTNG.grouping3" name="tc4" time="0.002"/>
  <testcase classname="TesTNG.grouping3" name="tc5" time="0.004"/>
</testsuite> <!-- TesTNG.grouping3 -->
