<?xml version="1.0" encoding="UTF-8"?>
<!-- Generated by org.testng.reporters.JUnitReportReporter -->
<testsuite hostname="manikanta" failures="0" tests="5" name="TesTNG.Groouping" time="0.034" errors="0" timestamp="2026-02-14T14:53:32 IST" skipped="0">
  <testcase classname="TesTNG.Groouping" name="tc1" time="0.021"/>
  <testcase classname="TesTNG.Groouping" name="tc2" time="0.002"/>
  <testcase classname="TesTNG.Groouping" name="tc3" time="0.003"/>
  <testcase classname="TesTNG.Groouping" name="tc4" time="0.005"/>
  <testcase classname="TesTNG.Groouping" name="tc5" time="0.003"/>
</testsuite> <!-- TesTNG.Groouping -->
