<?xml version="1.0" encoding="UTF-8"?>
<!-- Generated by org.testng.reporters.JUnitReportReporter -->
<testsuite hostname="manikanta" failures="0" tests="5" name="TesTNG.STM_testng9" time="0.017" errors="0" timestamp="2026-02-15T16:33:12 IST" skipped="0">
  <testcase classname="TesTNG.STM_testng9" name="tc1" time="0.007"/>
  <testcase classname="TesTNG.STM_testng9" name="tc2" time="0.002"/>
  <testcase classname="TesTNG.STM_testng9" name="tc3" time="0.002"/>
  <testcase classname="TesTNG.STM_testng9" name="tc4" time="0.004"/>
  <testcase classname="TesTNG.STM_testng9" name="tc5" time="0.002"/>
</testsuite> <!-- TesTNG.STM_testng9 -->
