<?xml version="1.0" encoding="UTF-8"?>
<!-- Generated by org.testng.reporters.JUnitReportReporter -->
<testsuite hostname="manikanta" failures="0" tests="5" name="TesTNG.Rough" time="0.015" errors="0" timestamp="2026-02-14T10:39:59 IST" skipped="0">
  <testcase classname="TesTNG.Rough" name="tc1" time="0.006"/>
  <testcase classname="TesTNG.Rough" name="tc2" time="0.001"/>
  <testcase classname="TesTNG.Rough" name="tc3" time="0.003"/>
  <testcase classname="TesTNG.Rough" name="tc4" time="0.002"/>
  <testcase classname="TesTNG.Rough" name="tc5" time="0.003"/>
</testsuite> <!-- TesTNG.Rough -->
