<?xml version="1.0" encoding="UTF-8"?>
<!-- Generated by org.testng.reporters.JUnitReportReporter -->
<testsuite hostname="manikanta" failures="0" tests="3" name="TesTNG.SkipDemotest" time="0.009" errors="0" timestamp="2026-02-15T14:28:05 IST" skipped="2">
  <testcase classname="TesTNG.SkipDemotest" name="skip_test3" time="0.000"/>
  <testcase classname="TesTNG.SkipDemotest" name="skip_test2" time="0.009">
    <skipped/>
  </testcase> <!-- skip_test2 -->
  <testcase classname="TesTNG.SkipDemotest" name="skip_test1">
    <skipped/>
  </testcase> <!-- skip_test1 -->
</testsuite> <!-- TesTNG.SkipDemotest -->
