<?xml version="1.0" encoding="UTF-8"?>
<!-- Generated by org.testng.reporters.JUnitReportReporter -->
<testsuite hostname="manikanta" failures="0" tests="5" name="TesTNG.Groouping" time="0.017" errors="0" timestamp="2026-06-29T00:34:14 IST" skipped="0">
  <testcase classname="TesTNG.Groouping" name="tc1" time="0.007"/>
  <testcase classname="TesTNG.Groouping" name="tc2" time="0.002"/>
  <testcase classname="TesTNG.Groouping" name="tc3" time="0.002"/>
  <testcase classname="TesTNG.Groouping" name="tc4" time="0.002"/>
  <testcase classname="TesTNG.Groouping" name="tc5" time="0.004"/>
</testsuite> <!-- TesTNG.Groouping -->
